<?xml version="1.0" encoding="UTF-8"?>
<!-- Generated by org.testng.reporters.JUnitReportReporter -->
<testsuite hostname="NJ30101057-PC" name="net.luculent.liems.DataProviderTest" tests="1" failures="0" timestamp="6 Jul 2018 06:48:42 GMT" time="0.015" errors="0">
  <testcase name="test1" time="0.015" classname="net.luculent.liems.DataProviderTest"/>
</testsuite> <!-- net.luculent.liems.DataProviderTest -->
