<?xml version="1.0" encoding="UTF-8"?>
<!-- Generated by org.testng.reporters.JUnitReportReporter -->
<testsuite hostname="NJ30101057-PC" name="net.luculent.liems.DataProviderDemo1" tests="2" failures="0" timestamp="11 Jul 2018 03:07:58 GMT" time="0.016" errors="0">
  <testcase name="interfaceTest" time="0.015" classname="net.luculent.liems.DataProviderDemo1"/>
  <testcase name="interfaceTest" time="0.001" classname="net.luculent.liems.DataProviderDemo1"/>
</testsuite> <!-- net.luculent.liems.DataProviderDemo1 -->
