<?xml version="1.0" encoding="UTF-8"?>
<!-- Generated by org.testng.reporters.JUnitReportReporter -->
<testsuite hostname="NJ30101057-PC" name="net.luculent.liems.Regular" tests="1" failures="0" timestamp="2 Jul 2018 06:41:28 GMT" time="0.008" errors="0">
  <testcase name="test5" time="0.008" classname="net.luculent.liems.Regular"/>
</testsuite> <!-- net.luculent.liems.Regular -->
