<?xml version="1.0" encoding="UTF-8"?>
<!-- Generated by org.testng.reporters.JUnitReportReporter -->
<testsuite hostname="NJ30101057-PC" name="net.luculent.liems.test.jdbcTest" tests="1" failures="0" timestamp="9 Jul 2018 10:09:28 GMT" time="0.720" errors="0">
  <testcase name="test1" time="0.720" classname="net.luculent.liems.test.jdbcTest"/>
</testsuite> <!-- net.luculent.liems.test.jdbcTest -->
