<?xml version="1.0" encoding="UTF-8"?>
<!-- Generated by org.testng.reporters.JUnitReportReporter -->
<testsuite hostname="NJ30101057-PC" name="net.luculent.liems.test.date_0709" tests="1" failures="0" timestamp="9 Jul 2018 08:53:23 GMT" time="14.922" errors="0">
  <testcase name="test1" time="14.922" classname="net.luculent.liems.test.date_0709"/>
</testsuite> <!-- net.luculent.liems.test.date_0709 -->
