<?xml version="1.0" encoding="UTF-8"?>
<!-- Generated by org.testng.reporters.JUnitReportReporter -->
<testsuite hostname="NJ30101057-PC" name="net.luculent.liems.DemoTest1" tests="3" failures="0" timestamp="5 Jul 2018 11:13:12 GMT" time="0.031" errors="0">
  <testcase name="test6" time="0.029" classname="net.luculent.liems.DemoTest1"/>
  <testcase name="test6" time="0.001" classname="net.luculent.liems.DemoTest1"/>
  <testcase name="test6" time="0.001" classname="net.luculent.liems.DemoTest1"/>
</testsuite> <!-- net.luculent.liems.DemoTest1 -->
