<?xml version="1.0" encoding="UTF-8"?>
<!-- Generated by org.testng.reporters.JUnitReportReporter -->
<testsuite hostname="NJ30101057-PC" name="net.luculent.liems.DemoTest" tests="2" failures="0" timestamp="3 Jul 2018 06:42:10 GMT" time="0.039" errors="0">
  <testcase name="testadd" time="0.038" classname="net.luculent.liems.DemoTest"/>
  <testcase name="testsub" time="0.001" classname="net.luculent.liems.DemoTest"/>
</testsuite> <!-- net.luculent.liems.DemoTest -->
